Analysis & Synthesis report for Lab2
Mon Oct 29 10:33:14 2018
Quartus II 32-bit Version 12.0 Build 178 05/31/2012 SJ Web Edition


---------------------
; Table of Contents ;
---------------------
  1. Legal Notice
  2. Analysis & Synthesis Summary
  3. Analysis & Synthesis Settings
  4. Parallel Compilation
  5. Analysis & Synthesis Source Files Read
  6. Analysis & Synthesis Resource Usage Summary
  7. Analysis & Synthesis Resource Utilization by Entity
  8. Registers Removed During Synthesis
  9. General Register Statistics
 10. Multiplexer Restructuring Statistics (Restructuring Performed)
 11. Parameter Settings for Inferred Entity Instance: Controller:MainController|lpm_divide:Mod0
 12. Parameter Settings for Inferred Entity Instance: Controller:MainController|lpm_divide:Div0
 13. Elapsed Time Per Partition
 14. Analysis & Synthesis Messages



----------------
; Legal Notice ;
----------------
Copyright (C) 1991-2012 Altera Corporation
Your use of Altera Corporation's design tools, logic functions 
and other software and tools, and its AMPP partner logic 
functions, and any output files from any of the foregoing 
(including device programming or simulation files), and any 
associated documentation or information are expressly subject 
to the terms and conditions of the Altera Program License 
Subscription Agreement, Altera MegaCore Function License 
Agreement, or other applicable license agreement, including, 
without limitation, that your use is for the sole purpose of 
programming logic devices manufactured by Altera and sold by 
Altera or its authorized distributors.  Please refer to the 
applicable agreement for further details.



+-------------------------------------------------------------------------------+
; Analysis & Synthesis Summary                                                  ;
+------------------------------------+------------------------------------------+
; Analysis & Synthesis Status        ; Successful - Mon Oct 29 10:33:14 2018    ;
; Quartus II 32-bit Version          ; 12.0 Build 178 05/31/2012 SJ Web Edition ;
; Revision Name                      ; Lab2                                     ;
; Top-level Entity Name              ; Lab2                                     ;
; Family                             ; Cyclone IV E                             ;
; Total logic elements               ; 1,224                                    ;
;     Total combinational functions  ; 1,224                                    ;
;     Dedicated logic registers      ; 87                                       ;
; Total registers                    ; 87                                       ;
; Total pins                         ; 17                                       ;
; Total virtual pins                 ; 0                                        ;
; Total memory bits                  ; 0                                        ;
; Embedded Multiplier 9-bit elements ; 0                                        ;
; Total PLLs                         ; 0                                        ;
+------------------------------------+------------------------------------------+


+----------------------------------------------------------------------------------------------------------------------+
; Analysis & Synthesis Settings                                                                                        ;
+----------------------------------------------------------------------------+--------------------+--------------------+
; Option                                                                     ; Setting            ; Default Value      ;
+----------------------------------------------------------------------------+--------------------+--------------------+
; Device                                                                     ; EP4CE115F29C7      ;                    ;
; Top-level entity name                                                      ; Lab2               ; Lab2               ;
; Family name                                                                ; Cyclone IV E       ; Cyclone IV GX      ;
; Use smart compilation                                                      ; Off                ; Off                ;
; Enable parallel Assembler and TimeQuest Timing Analyzer during compilation ; On                 ; On                 ;
; Enable compact report table                                                ; Off                ; Off                ;
; Restructure Multiplexers                                                   ; Auto               ; Auto               ;
; Create Debugging Nodes for IP Cores                                        ; Off                ; Off                ;
; Preserve fewer node names                                                  ; On                 ; On                 ;
; Disable OpenCore Plus hardware evaluation                                  ; Off                ; Off                ;
; Verilog Version                                                            ; Verilog_2001       ; Verilog_2001       ;
; VHDL Version                                                               ; VHDL_1993          ; VHDL_1993          ;
; State Machine Processing                                                   ; Auto               ; Auto               ;
; Safe State Machine                                                         ; Off                ; Off                ;
; Extract Verilog State Machines                                             ; On                 ; On                 ;
; Extract VHDL State Machines                                                ; On                 ; On                 ;
; Ignore Verilog initial constructs                                          ; Off                ; Off                ;
; Iteration limit for constant Verilog loops                                 ; 5000               ; 5000               ;
; Iteration limit for non-constant Verilog loops                             ; 250                ; 250                ;
; Add Pass-Through Logic to Inferred RAMs                                    ; On                 ; On                 ;
; Infer RAMs from Raw Logic                                                  ; On                 ; On                 ;
; Parallel Synthesis                                                         ; On                 ; On                 ;
; DSP Block Balancing                                                        ; Auto               ; Auto               ;
; NOT Gate Push-Back                                                         ; On                 ; On                 ;
; Power-Up Don't Care                                                        ; On                 ; On                 ;
; Remove Redundant Logic Cells                                               ; Off                ; Off                ;
; Remove Duplicate Registers                                                 ; On                 ; On                 ;
; Ignore CARRY Buffers                                                       ; Off                ; Off                ;
; Ignore CASCADE Buffers                                                     ; Off                ; Off                ;
; Ignore GLOBAL Buffers                                                      ; Off                ; Off                ;
; Ignore ROW GLOBAL Buffers                                                  ; Off                ; Off                ;
; Ignore LCELL Buffers                                                       ; Off                ; Off                ;
; Ignore SOFT Buffers                                                        ; On                 ; On                 ;
; Limit AHDL Integers to 32 Bits                                             ; Off                ; Off                ;
; Optimization Technique                                                     ; Balanced           ; Balanced           ;
; Carry Chain Length                                                         ; 70                 ; 70                 ;
; Auto Carry Chains                                                          ; On                 ; On                 ;
; Auto Open-Drain Pins                                                       ; On                 ; On                 ;
; Perform WYSIWYG Primitive Resynthesis                                      ; Off                ; Off                ;
; Auto ROM Replacement                                                       ; On                 ; On                 ;
; Auto RAM Replacement                                                       ; On                 ; On                 ;
; Auto DSP Block Replacement                                                 ; On                 ; On                 ;
; Auto Shift Register Replacement                                            ; Auto               ; Auto               ;
; Allow Shift Register Merging across Hierarchies                            ; Auto               ; Auto               ;
; Auto Clock Enable Replacement                                              ; On                 ; On                 ;
; Strict RAM Replacement                                                     ; Off                ; Off                ;
; Allow Synchronous Control Signals                                          ; On                 ; On                 ;
; Force Use of Synchronous Clear Signals                                     ; Off                ; Off                ;
; Auto RAM Block Balancing                                                   ; On                 ; On                 ;
; Auto RAM to Logic Cell Conversion                                          ; Off                ; Off                ;
; Auto Resource Sharing                                                      ; Off                ; Off                ;
; Allow Any RAM Size For Recognition                                         ; Off                ; Off                ;
; Allow Any ROM Size For Recognition                                         ; Off                ; Off                ;
; Allow Any Shift Register Size For Recognition                              ; Off                ; Off                ;
; Use LogicLock Constraints during Resource Balancing                        ; On                 ; On                 ;
; Ignore translate_off and synthesis_off directives                          ; Off                ; Off                ;
; Timing-Driven Synthesis                                                    ; On                 ; On                 ;
; Report Parameter Settings                                                  ; On                 ; On                 ;
; Report Source Assignments                                                  ; On                 ; On                 ;
; Report Connectivity Checks                                                 ; On                 ; On                 ;
; Ignore Maximum Fan-Out Assignments                                         ; Off                ; Off                ;
; Synchronization Register Chain Length                                      ; 2                  ; 2                  ;
; PowerPlay Power Optimization                                               ; Normal compilation ; Normal compilation ;
; HDL message level                                                          ; Level2             ; Level2             ;
; Suppress Register Optimization Related Messages                            ; Off                ; Off                ;
; Number of Removed Registers Reported in Synthesis Report                   ; 5000               ; 5000               ;
; Number of Swept Nodes Reported in Synthesis Report                         ; 5000               ; 5000               ;
; Number of Inverted Registers Reported in Synthesis Report                  ; 100                ; 100                ;
; Clock MUX Protection                                                       ; On                 ; On                 ;
; Auto Gated Clock Conversion                                                ; Off                ; Off                ;
; Block Design Naming                                                        ; Auto               ; Auto               ;
; SDC constraint protection                                                  ; Off                ; Off                ;
; Synthesis Effort                                                           ; Auto               ; Auto               ;
; Shift Register Replacement - Allow Asynchronous Clear Signal               ; On                 ; On                 ;
; Analysis & Synthesis Message Level                                         ; Medium             ; Medium             ;
; Disable Register Merging Across Hierarchies                                ; Auto               ; Auto               ;
; Resource Aware Inference For Block RAM                                     ; On                 ; On                 ;
; Synthesis Seed                                                             ; 1                  ; 1                  ;
+----------------------------------------------------------------------------+--------------------+--------------------+


Parallel compilation was disabled, but you have multiple processors available. Enable parallel compilation to reduce compilation time.
+-------------------------------------+
; Parallel Compilation                ;
+----------------------------+--------+
; Processors                 ; Number ;
+----------------------------+--------+
; Number detected on machine ; 8      ;
; Maximum allowed            ; 1      ;
+----------------------------+--------+


+------------------------------------------------------------------------------------------------------------------------------------------------------------------+
; Analysis & Synthesis Source Files Read                                                                                                                           ;
+----------------------------------+-----------------+------------------------------+--------------------------------------------------------------------+---------+
; File Name with User-Entered Path ; Used in Netlist ; File Type                    ; File Name with Absolute Path                                       ; Library ;
+----------------------------------+-----------------+------------------------------+--------------------------------------------------------------------+---------+
; Lab2.v                           ; yes             ; User Verilog HDL File        ; C:/altera/12.0/Lab-2/Lab2.v                                        ;         ;
; lpm_divide.tdf                   ; yes             ; Megafunction                 ; c:/altera/12.0/quartus/libraries/megafunctions/lpm_divide.tdf      ;         ;
; abs_divider.inc                  ; yes             ; Megafunction                 ; c:/altera/12.0/quartus/libraries/megafunctions/abs_divider.inc     ;         ;
; sign_div_unsign.inc              ; yes             ; Megafunction                 ; c:/altera/12.0/quartus/libraries/megafunctions/sign_div_unsign.inc ;         ;
; aglobal120.inc                   ; yes             ; Megafunction                 ; c:/altera/12.0/quartus/libraries/megafunctions/aglobal120.inc      ;         ;
; db/lpm_divide_soo.tdf            ; yes             ; Auto-Generated Megafunction  ; C:/altera/12.0/Lab-2/db/lpm_divide_soo.tdf                         ;         ;
; db/abs_divider_kbg.tdf           ; yes             ; Auto-Generated Megafunction  ; C:/altera/12.0/Lab-2/db/abs_divider_kbg.tdf                        ;         ;
; db/alt_u_div_67f.tdf             ; yes             ; Auto-Generated Megafunction  ; C:/altera/12.0/Lab-2/db/alt_u_div_67f.tdf                          ;         ;
; db/add_sub_7pc.tdf               ; yes             ; Auto-Generated Megafunction  ; C:/altera/12.0/Lab-2/db/add_sub_7pc.tdf                            ;         ;
; db/add_sub_8pc.tdf               ; yes             ; Auto-Generated Megafunction  ; C:/altera/12.0/Lab-2/db/add_sub_8pc.tdf                            ;         ;
; db/lpm_abs_2v9.tdf               ; yes             ; Auto-Generated Megafunction  ; C:/altera/12.0/Lab-2/db/lpm_abs_2v9.tdf                            ;         ;
; db/lpm_abs_i0a.tdf               ; yes             ; Auto-Generated Megafunction  ; C:/altera/12.0/Lab-2/db/lpm_abs_i0a.tdf                            ;         ;
; db/lpm_divide_p0p.tdf            ; yes             ; Auto-Generated Megafunction  ; C:/altera/12.0/Lab-2/db/lpm_divide_p0p.tdf                         ;         ;
+----------------------------------+-----------------+------------------------------+--------------------------------------------------------------------+---------+


+---------------------------------------------------------------------------------+
; Analysis & Synthesis Resource Usage Summary                                     ;
+---------------------------------------------+-----------------------------------+
; Resource                                    ; Usage                             ;
+---------------------------------------------+-----------------------------------+
; Estimated Total logic elements              ; 1,224                             ;
;                                             ;                                   ;
; Total combinational functions               ; 1224                              ;
; Logic element usage by number of LUT inputs ;                                   ;
;     -- 4 input functions                    ; 259                               ;
;     -- 3 input functions                    ; 386                               ;
;     -- <=2 input functions                  ; 579                               ;
;                                             ;                                   ;
; Logic elements by mode                      ;                                   ;
;     -- normal mode                          ; 784                               ;
;     -- arithmetic mode                      ; 440                               ;
;                                             ;                                   ;
; Total registers                             ; 87                                ;
;     -- Dedicated logic registers            ; 87                                ;
;     -- I/O registers                        ; 0                                 ;
;                                             ;                                   ;
; I/O pins                                    ; 17                                ;
; Maximum fan-out node                        ; Controller:MainController|Add0~64 ;
; Maximum fan-out                             ; 88                                ;
; Total fan-out                               ; 3438                              ;
; Average fan-out                             ; 2.56                              ;
+---------------------------------------------+-----------------------------------+


+----------------------------------------------------------------------------------------------------------------------------------------------------------------------------------------------------------------------------------------------------------------------------------------------------+
; Analysis & Synthesis Resource Utilization by Entity                                                                                                                                                                                                                                                ;
+------------------------------------------+-------------------+--------------+-------------+--------------+---------+-----------+------+--------------+------------------------------------------------------------------------------------------------------------------------------+--------------+
; Compilation Hierarchy Node               ; LC Combinationals ; LC Registers ; Memory Bits ; DSP Elements ; DSP 9x9 ; DSP 18x18 ; Pins ; Virtual Pins ; Full Hierarchy Name                                                                                                          ; Library Name ;
+------------------------------------------+-------------------+--------------+-------------+--------------+---------+-----------+------+--------------+------------------------------------------------------------------------------------------------------------------------------+--------------+
; |Lab2                                    ; 1224 (0)          ; 87 (0)       ; 0           ; 0            ; 0       ; 0         ; 17   ; 0            ; |Lab2                                                                                                                        ;              ;
;    |Controller:MainController|           ; 1157 (140)        ; 39 (39)      ; 0           ; 0            ; 0       ; 0         ; 0    ; 0            ; |Lab2|Controller:MainController                                                                                              ;              ;
;       |lpm_divide:Div0|                  ; 514 (0)           ; 0 (0)        ; 0           ; 0            ; 0       ; 0         ; 0    ; 0            ; |Lab2|Controller:MainController|lpm_divide:Div0                                                                              ;              ;
;          |lpm_divide_p0p:auto_generated| ; 514 (0)           ; 0 (0)        ; 0           ; 0            ; 0       ; 0         ; 0    ; 0            ; |Lab2|Controller:MainController|lpm_divide:Div0|lpm_divide_p0p:auto_generated                                                ;              ;
;             |abs_divider_kbg:divider|    ; 514 (34)          ; 0 (0)        ; 0           ; 0            ; 0       ; 0         ; 0    ; 0            ; |Lab2|Controller:MainController|lpm_divide:Div0|lpm_divide_p0p:auto_generated|abs_divider_kbg:divider                        ;              ;
;                |alt_u_div_67f:divider|   ; 449 (449)         ; 0 (0)        ; 0           ; 0            ; 0       ; 0         ; 0    ; 0            ; |Lab2|Controller:MainController|lpm_divide:Div0|lpm_divide_p0p:auto_generated|abs_divider_kbg:divider|alt_u_div_67f:divider  ;              ;
;                |lpm_abs_i0a:my_abs_num|  ; 31 (31)           ; 0 (0)        ; 0           ; 0            ; 0       ; 0         ; 0    ; 0            ; |Lab2|Controller:MainController|lpm_divide:Div0|lpm_divide_p0p:auto_generated|abs_divider_kbg:divider|lpm_abs_i0a:my_abs_num ;              ;
;       |lpm_divide:Mod0|                  ; 503 (0)           ; 0 (0)        ; 0           ; 0            ; 0       ; 0         ; 0    ; 0            ; |Lab2|Controller:MainController|lpm_divide:Mod0                                                                              ;              ;
;          |lpm_divide_soo:auto_generated| ; 503 (0)           ; 0 (0)        ; 0           ; 0            ; 0       ; 0         ; 0    ; 0            ; |Lab2|Controller:MainController|lpm_divide:Mod0|lpm_divide_soo:auto_generated                                                ;              ;
;             |abs_divider_kbg:divider|    ; 503 (10)          ; 0 (0)        ; 0           ; 0            ; 0       ; 0         ; 0    ; 0            ; |Lab2|Controller:MainController|lpm_divide:Mod0|lpm_divide_soo:auto_generated|abs_divider_kbg:divider                        ;              ;
;                |alt_u_div_67f:divider|   ; 459 (459)         ; 0 (0)        ; 0           ; 0            ; 0       ; 0         ; 0    ; 0            ; |Lab2|Controller:MainController|lpm_divide:Mod0|lpm_divide_soo:auto_generated|abs_divider_kbg:divider|alt_u_div_67f:divider  ;              ;
;                |lpm_abs_i0a:my_abs_num|  ; 34 (34)           ; 0 (0)        ; 0           ; 0            ; 0       ; 0         ; 0    ; 0            ; |Lab2|Controller:MainController|lpm_divide:Mod0|lpm_divide_soo:auto_generated|abs_divider_kbg:divider|lpm_abs_i0a:my_abs_num ;              ;
;    |FreqDivider:Divider|                 ; 52 (52)           ; 34 (34)      ; 0           ; 0            ; 0       ; 0         ; 0    ; 0            ; |Lab2|FreqDivider:Divider                                                                                                    ;              ;
;    |LED:ones|                            ; 8 (8)             ; 7 (7)        ; 0           ; 0            ; 0       ; 0         ; 0    ; 0            ; |Lab2|LED:ones                                                                                                               ;              ;
;    |LED:tens|                            ; 7 (7)             ; 7 (7)        ; 0           ; 0            ; 0       ; 0         ; 0    ; 0            ; |Lab2|LED:tens                                                                                                               ;              ;
+------------------------------------------+-------------------+--------------+-------------+--------------+---------+-----------+------+--------------+------------------------------------------------------------------------------------------------------------------------------+--------------+
Note: For table entries with two numbers listed, the numbers in parentheses indicate the number of resources of the given type used by the specific entity alone. The numbers listed outside of parentheses indicate the total resources of the given type used by the specific entity and all of its sub-entities in the hierarchy.


+---------------------------------------------------------------------------------------------+
; Registers Removed During Synthesis                                                          ;
+------------------------------------------+--------------------------------------------------+
; Register name                            ; Reason for Removal                               ;
+------------------------------------------+--------------------------------------------------+
; Controller:MainController|tens[3]        ; Stuck at GND due to stuck port data_in           ;
; FreqDivider:Divider|clock_tracker[0]     ; Stuck at VCC due to stuck port data_in           ;
; FreqDivider:Divider|clock_tracker[2..31] ; Merged with FreqDivider:Divider|clock_tracker[1] ;
; Total Number of Removed Registers = 32   ;                                                  ;
+------------------------------------------+--------------------------------------------------+


+------------------------------------------------------+
; General Register Statistics                          ;
+----------------------------------------------+-------+
; Statistic                                    ; Value ;
+----------------------------------------------+-------+
; Total registers                              ; 87    ;
; Number of registers using Synchronous Clear  ; 0     ;
; Number of registers using Synchronous Load   ; 0     ;
; Number of registers using Asynchronous Clear ; 0     ;
; Number of registers using Asynchronous Load  ; 0     ;
; Number of registers using Clock Enable       ; 7     ;
; Number of registers using Preset             ; 0     ;
+----------------------------------------------+-------+


+-----------------------------------------------------------------------------------------------------------------------------------------------------------------------+
; Multiplexer Restructuring Statistics (Restructuring Performed)                                                                                                        ;
+--------------------+-----------+---------------+----------------------+------------------------+-----------------------------------------+----------------------------+
; Multiplexer Inputs ; Bus Width ; Baseline Area ; Area if Restructured ; Saving if Restructured ; Registered                              ; Example Multiplexer Output ;
+--------------------+-----------+---------------+----------------------+------------------------+-----------------------------------------+----------------------------+
; 16:1               ; 7 bits    ; 70 LEs        ; 42 LEs               ; 28 LEs                 ; |Lab2|LED:ones|LEDPin[6]                ;                            ;
; 4:1                ; 32 bits   ; 64 LEs        ; 64 LEs               ; 0 LEs                  ; |Lab2|Controller:MainController|counter ;                            ;
+--------------------+-----------+---------------+----------------------+------------------------+-----------------------------------------+----------------------------+


+--------------------------------------------------------------------------------------------+
; Parameter Settings for Inferred Entity Instance: Controller:MainController|lpm_divide:Mod0 ;
+------------------------+----------------+--------------------------------------------------+
; Parameter Name         ; Value          ; Type                                             ;
+------------------------+----------------+--------------------------------------------------+
; LPM_WIDTHN             ; 32             ; Untyped                                          ;
; LPM_WIDTHD             ; 5              ; Untyped                                          ;
; LPM_NREPRESENTATION    ; SIGNED         ; Untyped                                          ;
; LPM_DREPRESENTATION    ; SIGNED         ; Untyped                                          ;
; LPM_PIPELINE           ; 0              ; Untyped                                          ;
; LPM_REMAINDERPOSITIVE  ; FALSE          ; Untyped                                          ;
; MAXIMIZE_SPEED         ; 5              ; Untyped                                          ;
; CBXI_PARAMETER         ; lpm_divide_soo ; Untyped                                          ;
; CARRY_CHAIN            ; MANUAL         ; Untyped                                          ;
; OPTIMIZE_FOR_SPEED     ; 5              ; Untyped                                          ;
; AUTO_CARRY_CHAINS      ; ON             ; AUTO_CARRY                                       ;
; IGNORE_CARRY_BUFFERS   ; OFF            ; IGNORE_CARRY                                     ;
; AUTO_CASCADE_CHAINS    ; ON             ; AUTO_CASCADE                                     ;
; IGNORE_CASCADE_BUFFERS ; OFF            ; IGNORE_CASCADE                                   ;
+------------------------+----------------+--------------------------------------------------+
Note: In order to hide this table in the UI and the text report file, please set the "Show Parameter Settings in Synthesis Report" option in "Analysis and Synthesis Settings -> More Settings" to "Off".


+--------------------------------------------------------------------------------------------+
; Parameter Settings for Inferred Entity Instance: Controller:MainController|lpm_divide:Div0 ;
+------------------------+----------------+--------------------------------------------------+
; Parameter Name         ; Value          ; Type                                             ;
+------------------------+----------------+--------------------------------------------------+
; LPM_WIDTHN             ; 32             ; Untyped                                          ;
; LPM_WIDTHD             ; 5              ; Untyped                                          ;
; LPM_NREPRESENTATION    ; SIGNED         ; Untyped                                          ;
; LPM_DREPRESENTATION    ; SIGNED         ; Untyped                                          ;
; LPM_PIPELINE           ; 0              ; Untyped                                          ;
; LPM_REMAINDERPOSITIVE  ; FALSE          ; Untyped                                          ;
; MAXIMIZE_SPEED         ; 5              ; Untyped                                          ;
; CBXI_PARAMETER         ; lpm_divide_p0p ; Untyped                                          ;
; CARRY_CHAIN            ; MANUAL         ; Untyped                                          ;
; OPTIMIZE_FOR_SPEED     ; 5              ; Untyped                                          ;
; AUTO_CARRY_CHAINS      ; ON             ; AUTO_CARRY                                       ;
; IGNORE_CARRY_BUFFERS   ; OFF            ; IGNORE_CARRY                                     ;
; AUTO_CASCADE_CHAINS    ; ON             ; AUTO_CASCADE                                     ;
; IGNORE_CASCADE_BUFFERS ; OFF            ; IGNORE_CASCADE                                   ;
+------------------------+----------------+--------------------------------------------------+
Note: In order to hide this table in the UI and the text report file, please set the "Show Parameter Settings in Synthesis Report" option in "Analysis and Synthesis Settings -> More Settings" to "Off".


+-------------------------------+
; Elapsed Time Per Partition    ;
+----------------+--------------+
; Partition Name ; Elapsed Time ;
+----------------+--------------+
; Top            ; 00:00:02     ;
+----------------+--------------+


+-------------------------------+
; Analysis & Synthesis Messages ;
+-------------------------------+
Info: *******************************************************************
Info: Running Quartus II 32-bit Analysis & Synthesis
    Info: Version 12.0 Build 178 05/31/2012 SJ Web Edition
    Info: Processing started: Mon Oct 29 10:33:11 2018
Info: Command: quartus_map --read_settings_files=on --write_settings_files=off Lab2 -c Lab2
Warning (20028): Parallel compilation is not licensed and has been disabled
Warning (12019): Can't analyze file -- file Lab2.bdf is missing
Info (12021): Found 4 design units, including 4 entities, in source file lab2.v
    Info (12023): Found entity 1: Lab2
    Info (12023): Found entity 2: LED
    Info (12023): Found entity 3: Controller
    Info (12023): Found entity 4: FreqDivider
Info (12021): Found 0 design units, including 0 entities, in source file freqdiv.v
Info (12127): Elaborating entity "Lab2" for the top level hierarchy
Info (12128): Elaborating entity "FreqDivider" for hierarchy "FreqDivider:Divider"
Info (12128): Elaborating entity "Controller" for hierarchy "Controller:MainController"
Warning (10762): Verilog HDL Case Statement warning at Lab2.v(82): can't check case statement for completeness because the case expression has too many possible states
Info (12128): Elaborating entity "LED" for hierarchy "LED:ones"
Info (278001): Inferred 2 megafunctions from design logic
    Info (278004): Inferred divider/modulo megafunction ("lpm_divide") from the following logic: "Controller:MainController|Mod0"
    Info (278004): Inferred divider/modulo megafunction ("lpm_divide") from the following logic: "Controller:MainController|Div0"
Info (12130): Elaborated megafunction instantiation "Controller:MainController|lpm_divide:Mod0"
Info (12133): Instantiated megafunction "Controller:MainController|lpm_divide:Mod0" with the following parameter:
    Info (12134): Parameter "LPM_WIDTHN" = "32"
    Info (12134): Parameter "LPM_WIDTHD" = "5"
    Info (12134): Parameter "LPM_NREPRESENTATION" = "SIGNED"
    Info (12134): Parameter "LPM_DREPRESENTATION" = "SIGNED"
    Info (12134): Parameter "LPM_HINT" = "LPM_REMAINDERPOSITIVE=FALSE"
Info (12021): Found 1 design units, including 1 entities, in source file db/lpm_divide_soo.tdf
    Info (12023): Found entity 1: lpm_divide_soo
Info (12021): Found 1 design units, including 1 entities, in source file db/abs_divider_kbg.tdf
    Info (12023): Found entity 1: abs_divider_kbg
Info (12021): Found 1 design units, including 1 entities, in source file db/alt_u_div_67f.tdf
    Info (12023): Found entity 1: alt_u_div_67f
Info (12021): Found 1 design units, including 1 entities, in source file db/add_sub_7pc.tdf
    Info (12023): Found entity 1: add_sub_7pc
Info (12021): Found 1 design units, including 1 entities, in source file db/add_sub_8pc.tdf
    Info (12023): Found entity 1: add_sub_8pc
Info (12021): Found 1 design units, including 1 entities, in source file db/lpm_abs_2v9.tdf
    Info (12023): Found entity 1: lpm_abs_2v9
Info (12021): Found 1 design units, including 1 entities, in source file db/lpm_abs_i0a.tdf
    Info (12023): Found entity 1: lpm_abs_i0a
Info (12130): Elaborated megafunction instantiation "Controller:MainController|lpm_divide:Div0"
Info (12133): Instantiated megafunction "Controller:MainController|lpm_divide:Div0" with the following parameter:
    Info (12134): Parameter "LPM_WIDTHN" = "32"
    Info (12134): Parameter "LPM_WIDTHD" = "5"
    Info (12134): Parameter "LPM_NREPRESENTATION" = "SIGNED"
    Info (12134): Parameter "LPM_DREPRESENTATION" = "SIGNED"
    Info (12134): Parameter "LPM_HINT" = "LPM_REMAINDERPOSITIVE=FALSE"
Info (12021): Found 1 design units, including 1 entities, in source file db/lpm_divide_p0p.tdf
    Info (12023): Found entity 1: lpm_divide_p0p
Info (286030): Timing-Driven Synthesis is running
Info (16010): Generating hard_block partition "hard_block:auto_generated_inst"
    Info (16011): Adding 0 node(s), including 0 DDIO, 0 PLL, 0 transceiver and 0 LCELL
Info (21057): Implemented 1299 device resources after synthesis - the final resource count might be different
    Info (21058): Implemented 3 input pins
    Info (21059): Implemented 14 output pins
    Info (21061): Implemented 1282 logic cells
Info: Quartus II 32-bit Analysis & Synthesis was successful. 0 errors, 3 warnings
    Info: Peak virtual memory: 371 megabytes
    Info: Processing ended: Mon Oct 29 10:33:14 2018
    Info: Elapsed time: 00:00:03
    Info: Total CPU time (on all processors): 00:00:02


